<?xml version="1.0" encoding="UTF-8"?>
<testng-results skipped="0" failed="0" ignored="0" total="1" passed="1">
  <reporter-output>
  </reporter-output>
  <suite name="Default suite" duration-ms="4773" started-at="2018-04-07T10:45:13Z" finished-at="2018-04-07T10:45:18Z">
    <groups>
    </groups>
    <test name="Default test" duration-ms="4773" started-at="2018-04-07T10:45:13Z" finished-at="2018-04-07T10:45:18Z">
      <class name="com.hackathon.api.LoginScreen">
        <test-method status="PASS" signature="verifyApiForLoginScreen()[pri:0, instance:com.hackathon.api.LoginScreen@29ee9faa]" name="verifyApiForLoginScreen" duration-ms="4742" started-at="2018-04-07T10:45:13Z" finished-at="2018-04-07T10:45:18Z">
          <reporter-output>
          </reporter-output>
        </test-method> <!-- verifyApiForLoginScreen -->
      </class> <!-- com.hackathon.api.LoginScreen -->
    </test> <!-- Default test -->
  </suite> <!-- Default suite -->
</testng-results>
